<?xml version="1.0" encoding="UTF-8"?>
<!-- Generated by org.testng.reporters.JUnitXMLReporter -->
<testsuite ignored="0" hostname="DESKTOP-BPNON4T" failures="2" tests="2" name="CostCheckTest" time="28.808" errors="0" timestamp="13 Oct 2020 14:13:25 GMT">
  <testcase classname="cucumber.api.testng.AbstractTestNGCucumberTests" name="feature" time="28.252">
    <failure type="cucumber.runtime.CucumberException" message="java.lang.AssertionError: expected [Do you have glaucoma?] but found [Do you or a family member have glaucoma?]">
      <![CDATA[cucumber.runtime.CucumberException: java.lang.AssertionError: expected [Do you have glaucoma?] but found [Do you or a family member have glaucoma?]
at cucumber.api.testng.TestNGCucumberRunner.runCucumber(TestNGCucumberRunner.java:69)
at cucumber.api.testng.AbstractTestNGCucumberTests.feature(AbstractTestNGCucumberTests.java:21)
Caused by: java.lang.AssertionError: expected [Do you have glaucoma?] but found [Do you or a family member have glaucoma?]
at Base.BaseClass.verifyTitle(BaseClass.java:126)
at Pages.GlaucomaPage.<init>(GlaucomaPage.java:11)
at Pages.DiabetesPage.selectDiabetesAsNo(DiabetesPage.java:17)
at StepDefinitions.CostCheckerEndtoEndJourney.user_enters_circumstances_into_the_Checker_tool_as_NO(CostCheckerEndtoEndJourney.java:51)
at âœ½.When User enters circumstances into the Checker tool as NO(NHScostcheck.feature:16)
... Removed 34 stack frames]]>
    </failure>
  </testcase> <!-- feature -->
  <testcase classname="cucumber.api.testng.AbstractTestNGCucumberTests" name="feature" time="28.411">
    <failure type="org.openqa.selenium.NoSuchSessionException" message="Session ID is null. Using WebDriver after calling quit()?
Build info: version: &amp;apos;3.141.59&amp;apos;, revision: &amp;apos;e82be7d358&amp;apos;, time: &amp;apos;2018-11-14T08:17:03&amp;apos;
System info: host: &amp;apos;DESKTOP-BPNON4T&amp;apos;, ip: &amp;apos;192.168.0.28&amp;apos;, os.name: &amp;apos;Windows 10&amp;apos;, os.arch: &amp;apos;amd64&amp;apos;, os.version: &amp;apos;10.0&amp;apos;, java.version: &amp;apos;14.0.1&amp;apos;
Driver info: driver.version: RemoteWebDriver">
      <![CDATA[org.openqa.selenium.NoSuchSessionException: Session ID is null. Using WebDriver after calling quit()?
Build info: version: '3.141.59', revision: 'e82be7d358', time: '2018-11-14T08:17:03'
System info: host: 'DESKTOP-BPNON4T', ip: '192.168.0.28', os.name: 'Windows 10', os.arch: 'amd64', os.version: '10.0', java.version: '14.0.1'
Driver info: driver.version: RemoteWebDriver
at org.openqa.selenium.remote.HttpCommandExecutor.execute(HttpCommandExecutor.java:125)
at org.openqa.selenium.remote.service.DriverCommandExecutor.execute(DriverCommandExecutor.java:83)
at org.openqa.selenium.remote.RemoteWebDriver.execute(RemoteWebDriver.java:552)
at org.openqa.selenium.remote.RemoteWebDriver.execute(RemoteWebDriver.java:609)
at org.openqa.selenium.remote.RemoteWebDriver.getScreenshotAs(RemoteWebDriver.java:295)
at Base.BaseClass.failedScreenShots(BaseClass.java:114)
at TestListeners.CustomListener.onTestFailure(CustomListener.java:31)
... Removed 25 stack frames]]>
    </failure>
  </testcase> <!-- feature -->
</testsuite> <!-- CostCheckTest -->
